(-_-)/SimulationPeriod Start 18:30:35
(-_-)/CompanyClassMaster Start 18:30:35
(-_-)/AgentClassMaster Start 18:30:35
(-_-)/Company-AgentClassMaster Start 18:30:35
(-_-)/ItemMaster Start 18:30:35
(-_-)/BoxTypeMaster Start 18:30:35
(-_-)/BoxMaster Start 18:30:35
(-_-)/Company-ItemMaster Start 18:30:35
(-_-)/Company-BOX Start 18:30:35
(-_-)/BOM Start 18:30:35
(-_-)/CurrencyMaster Start 18:30:35
(-_-)/Exchange Start 18:30:35
(-_-)/ConstraintMaster Start 18:30:35
(-_-)/ProductionFacilityMaster Start 18:30:35
(-_-)/ItemCategoryMaster Start 18:30:35
(-_-)/CompanyIS Start 18:30:35
(-_-)/TransportMaster Start 18:30:35
(-_-)/DemandTypeMaster Start 18:30:35
(-_-)/ActualDemand Start 18:30:35
(-_-)/DemandForecast Start 18:30:35
(-_-)/ProdMaster Start 18:30:35
(-_-)/InspectionMaster Start 18:30:35
(-_-)/Factory-FacilityMaster Start 18:30:35
(-_-)/ProdLineMaster Start 18:30:35
(-_-)/AgentLogicMaster Start 18:30:35
(-_-)/InitialStock Start 18:30:35
(-_-)/InitialWIP_InTransit Start 18:30:35
(-_-)/SafetyStock Start 18:30:35
(-_-)/AgentIS Start 18:30:35
(-_-)/Company-AgentIS Start 18:30:35
(-_-)/SupplyForcast Start 18:30:35
(-_-)/InitialBoxStock Start 18:30:35
(-_-)/ShipInstruction Start 18:30:35
(-_-)/BoxShipInstruction Start 18:30:35
(-_-)/InitialBoxIntransit Start 18:30:35
(-_-)/TransportTypeSettings Start 18:30:35
(-_-)/TransportMeanMaster Start 18:30:35
(-_-)/ItemPrice Start 18:30:35
(-_-)/BoxPrice Start 18:30:35
(-_-)/InitialAccount Start 18:30:35
(-_-)/CalendarMaster Start 18:30:35
(-_-)/CAPEX Start 18:30:35
(-_-)/FixedCost Start 18:30:35
(-_-)/CO2Factor Start 18:30:35
(-_-)/CO2FactorAssignment Start 18:30:35
(-_-)/PastDemand Start 18:30:35
(-_-)/SharingMaster Start 18:30:35
(-_-)/AgentRule Start 18:30:35
(-_-)/ExternalApplicationMaster Start 18:30:35
(-_-)/ContainerMaster Start 18:30:35
(-_-)/SharingPriority Start 18:30:35
(-_-)/PriorityMaster Start 18:30:35
(-_-)/Priority Start 18:30:35
(-_-)/ItemCategory Start 18:30:35
(-_-)/ConstraintAssignment Start 18:30:35
(-_-)/BreakingTime Start 18:30:35
(-_-)/ vector classes size list[container size].
Vcorp:   [7]
Vitem:   [6]
Vbomm:   [3]
Vbbox:   [0]
VboxOFR: [0]
Vcitm:   [24]
Vccit:   [9]
Vmonm:   [0]
Vprod:   [3]
Vtran:   [9]
Vprda:   [0]
Vexcm:   [0]
Vrdem:   [63]
Vforc:   [63]
Vsstk:   [9]
Vpric:   [1]
Vagtm:   [17]

(-_-)/ at [2023/01/01]  Simulation loop start 18:30:35
(-_-)/ vector classes size list[container size].
Vpici:[0]  Vwipr:[0]  Vpaym:[0]  Vordr:[0]  Vblog:[0]  Vsalp:[0]  Vsupp:[0]  Vpurp:[0]  Vevnt:[20]

(-_-)/ at [2023/01/01]  eventDaysEnd start 18:30:35-- End 18:30:35
(-_-)/ vector classes size list[container size].
Vpici:[1]  Vwipr:[1]  Vpaym:[0]  Vordr:[1]  Vblog:[1]  Vsalp:[24]  Vsupp:[24]  Vpurp:[53]  Vevnt:[21]

(-_-)/ at [2023/01/02]  eventDaysEnd start 18:30:35-- End 18:30:35
(-_-)/ vector classes size list[container size].
Vpici:[1]  Vwipr:[1]  Vpaym:[0]  Vordr:[1]  Vblog:[1]  Vsalp:[51]  Vsupp:[51]  Vpurp:[112]  Vevnt:[21]

(-_-)/ at [2023/01/03]  eventDaysEnd start 18:30:35-- End 18:30:35
(-_-)/ vector classes size list[container size].
Vpici:[3]  Vwipr:[3]  Vpaym:[0]  Vordr:[3]  Vblog:[3]  Vsalp:[51]  Vsupp:[51]  Vpurp:[112]  Vevnt:[23]

(-_-)/ at [2023/01/04]  eventDaysEnd start 18:30:35-- End 18:30:35
(-_-)/ vector classes size list[container size].
Vpici:[5]  Vwipr:[5]  Vpaym:[0]  Vordr:[5]  Vblog:[5]  Vsalp:[51]  Vsupp:[51]  Vpurp:[112]  Vevnt:[28]

(-_-)/ at [2023/01/05]  eventDaysEnd start 18:30:35-- End 18:30:35
(-_-)/ vector classes size list[container size].
Vpici:[5]  Vwipr:[5]  Vpaym:[0]  Vordr:[8]  Vblog:[8]  Vsalp:[51]  Vsupp:[51]  Vpurp:[112]  Vevnt:[29]

(-_-)/ at [2023/01/06]  eventDaysEnd start 18:30:35-- End 18:30:35
(-_-)/ vector classes size list[container size].
Vpici:[8]  Vwipr:[8]  Vpaym:[0]  Vordr:[11]  Vblog:[11]  Vsalp:[51]  Vsupp:[51]  Vpurp:[112]  Vevnt:[29]

(-_-)/ at [2023/01/07]  eventDaysEnd start 18:30:35-- End 18:30:35
(-_-)/ vector classes size list[container size].
Vpici:[11]  Vwipr:[11]  Vpaym:[3]  Vordr:[11]  Vblog:[11]  Vsalp:[51]  Vsupp:[51]  Vpurp:[112]  Vevnt:[31]

(-_-)/ vector classes size list[container size].
Vcorp:   [7]
Vitem:   [6]
Vbomm:   [3]
Vbbox:   [0]
VboxOFR: [0]
Vcitm:   [24]
Vccit:   [9]
Vmonm:   [0]
Vprod:   [3]
Vtran:   [9]
Vprda:   [0]
Vexcm:   [0]
Vrdem:   [63]
Vforc:   [63]
Vsstk:   [9]
Vpric:   [1]
Vagtm:   [17]

(-_-)/ at [2023/01/08]  Simulation loop start 18:30:35
(-_-)/ vector classes size list[container size].
Vpici:[11]  Vwipr:[11]  Vpaym:[3]  Vordr:[11]  Vblog:[11]  Vsalp:[51]  Vsupp:[51]  Vpurp:[112]  Vevnt:[31]

(-_-)/ at [2023/01/08]  eventDaysEnd start 18:30:35-- End 18:30:35
(-_-)/ vector classes size list[container size].
Vpici:[11]  Vwipr:[11]  Vpaym:[7]  Vordr:[11]  Vblog:[11]  Vsalp:[51]  Vsupp:[51]  Vpurp:[112]  Vevnt:[33]

(-_-)/ at [2023/01/09]  eventDaysEnd start 18:30:35-- End 18:30:35
(-_-)/ vector classes size list[container size].
Vpici:[11]  Vwipr:[11]  Vpaym:[7]  Vordr:[11]  Vblog:[11]  Vsalp:[80]  Vsupp:[80]  Vpurp:[171]  Vevnt:[33]

(-_-)/ at [2023/01/10]  eventDaysEnd start 18:30:35-- End 18:30:35
(-_-)/ vector classes size list[container size].
Vpici:[15]  Vwipr:[15]  Vpaym:[9]  Vordr:[13]  Vblog:[13]  Vsalp:[80]  Vsupp:[80]  Vpurp:[171]  Vevnt:[33]

(-_-)/ at [2023/01/11]  eventDaysEnd start 18:30:35-- End 18:30:35
(-_-)/ vector classes size list[container size].
Vpici:[19]  Vwipr:[19]  Vpaym:[13]  Vordr:[15]  Vblog:[15]  Vsalp:[80]  Vsupp:[80]  Vpurp:[171]  Vevnt:[38]

(-_-)/ at [2023/01/12]  eventDaysEnd start 18:30:35-- End 18:30:35
(-_-)/ vector classes size list[container size].
Vpici:[22]  Vwipr:[22]  Vpaym:[15]  Vordr:[18]  Vblog:[18]  Vsalp:[80]  Vsupp:[80]  Vpurp:[171]  Vevnt:[38]

(-_-)/ at [2023/01/13]  eventDaysEnd start 18:30:35-- End 18:30:35
(-_-)/ vector classes size list[container size].
Vpici:[28]  Vwipr:[28]  Vpaym:[18]  Vordr:[21]  Vblog:[21]  Vsalp:[80]  Vsupp:[80]  Vpurp:[171]  Vevnt:[38]

(-_-)/ at [2023/01/14]  eventDaysEnd start 18:30:35-- End 18:30:35
(-_-)/ vector classes size list[container size].
Vpici:[31]  Vwipr:[31]  Vpaym:[24]  Vordr:[21]  Vblog:[21]  Vsalp:[80]  Vsupp:[80]  Vpurp:[171]  Vevnt:[38]

(-_-)/ vector classes size list[container size].
Vcorp:   [7]
Vitem:   [6]
Vbomm:   [3]
Vbbox:   [0]
VboxOFR: [0]
Vcitm:   [24]
Vccit:   [9]
Vmonm:   [0]
Vprod:   [3]
Vtran:   [9]
Vprda:   [0]
Vexcm:   [0]
Vrdem:   [63]
Vforc:   [63]
Vsstk:   [9]
Vpric:   [1]
Vagtm:   [17]

(-_-)/ at [2023/01/15]  Simulation loop start 18:30:35
(-_-)/ vector classes size list[container size].
Vpici:[31]  Vwipr:[31]  Vpaym:[24]  Vordr:[21]  Vblog:[21]  Vsalp:[80]  Vsupp:[80]  Vpurp:[171]  Vevnt:[38]

(-_-)/ at [2023/01/15]  eventDaysEnd start 18:30:35-- End 18:30:35
(-_-)/ vector classes size list[container size].
Vpici:[31]  Vwipr:[31]  Vpaym:[27]  Vordr:[21]  Vblog:[21]  Vsalp:[80]  Vsupp:[80]  Vpurp:[171]  Vevnt:[38]

(-_-)/ at [2023/01/16]  eventDaysEnd start 18:30:35-- End 18:30:35
(-_-)/ vector classes size list[container size].
Vpici:[31]  Vwipr:[31]  Vpaym:[27]  Vordr:[21]  Vblog:[21]  Vsalp:[107]  Vsupp:[107]  Vpurp:[230]  Vevnt:[38]

(-_-)/ at [2023/01/17]  eventDaysEnd start 18:30:35-- End 18:30:35
(-_-)/ vector classes size list[container size].
Vpici:[33]  Vwipr:[33]  Vpaym:[29]  Vordr:[23]  Vblog:[23]  Vsalp:[107]  Vsupp:[107]  Vpurp:[230]  Vevnt:[38]

(-_-)/ at [2023/01/18]  eventDaysEnd start 18:30:35-- End 18:30:35
(-_-)/ vector classes size list[container size].
Vpici:[35]  Vwipr:[35]  Vpaym:[31]  Vordr:[25]  Vblog:[25]  Vsalp:[107]  Vsupp:[107]  Vpurp:[230]  Vevnt:[38]

(-_-)/ at [2023/01/19]  eventDaysEnd start 18:30:35-- End 18:30:35
(-_-)/ vector classes size list[container size].
Vpici:[38]  Vwipr:[38]  Vpaym:[31]  Vordr:[28]  Vblog:[28]  Vsalp:[107]  Vsupp:[107]  Vpurp:[230]  Vevnt:[38]

(-_-)/ at [2023/01/20]  eventDaysEnd start 18:30:35-- End 18:30:35
(-_-)/ vector classes size list[container size].
Vpici:[44]  Vwipr:[44]  Vpaym:[34]  Vordr:[31]  Vblog:[31]  Vsalp:[107]  Vsupp:[107]  Vpurp:[230]  Vevnt:[38]

(-_-)/ at [2023/01/21]  eventDaysEnd start 18:30:35-- End 18:30:35
(-_-)/ vector classes size list[container size].
Vpici:[47]  Vwipr:[47]  Vpaym:[40]  Vordr:[31]  Vblog:[31]  Vsalp:[107]  Vsupp:[107]  Vpurp:[230]  Vevnt:[38]

(-_-)/ vector classes size list[container size].
Vcorp:   [7]
Vitem:   [6]
Vbomm:   [3]
Vbbox:   [0]
VboxOFR: [0]
Vcitm:   [24]
Vccit:   [9]
Vmonm:   [0]
Vprod:   [3]
Vtran:   [9]
Vprda:   [0]
Vexcm:   [0]
Vrdem:   [63]
Vforc:   [63]
Vsstk:   [9]
Vpric:   [1]
Vagtm:   [17]

(-_-)/ at [2023/01/22]  Simulation loop start 18:30:35
(-_-)/ vector classes size list[container size].
Vpici:[47]  Vwipr:[47]  Vpaym:[40]  Vordr:[31]  Vblog:[31]  Vsalp:[107]  Vsupp:[107]  Vpurp:[230]  Vevnt:[38]

(-_-)/ at [2023/01/22]  eventDaysEnd start 18:30:35-- End 18:30:35
(-_-)/ vector classes size list[container size].
Vpici:[47]  Vwipr:[47]  Vpaym:[43]  Vordr:[31]  Vblog:[31]  Vsalp:[107]  Vsupp:[107]  Vpurp:[230]  Vevnt:[38]

(-_-)/ at [2023/01/23]  eventDaysEnd start 18:30:35-- End 18:30:35
(-_-)/ vector classes size list[container size].
Vpici:[47]  Vwipr:[47]  Vpaym:[43]  Vordr:[31]  Vblog:[31]  Vsalp:[134]  Vsupp:[134]  Vpurp:[289]  Vevnt:[38]

(-_-)/ at [2023/01/24]  eventDaysEnd start 18:30:35-- End 18:30:35
(-_-)/ vector classes size list[container size].
Vpici:[49]  Vwipr:[49]  Vpaym:[45]  Vordr:[33]  Vblog:[33]  Vsalp:[134]  Vsupp:[134]  Vpurp:[289]  Vevnt:[38]

(-_-)/ at [2023/01/25]  eventDaysEnd start 18:30:35-- End 18:30:35
(-_-)/ vector classes size list[container size].
Vpici:[51]  Vwipr:[51]  Vpaym:[47]  Vordr:[35]  Vblog:[35]  Vsalp:[134]  Vsupp:[134]  Vpurp:[289]  Vevnt:[38]

(-_-)/ at [2023/01/26]  eventDaysEnd start 18:30:35-- End 18:30:35
(-_-)/ vector classes size list[container size].
Vpici:[54]  Vwipr:[54]  Vpaym:[47]  Vordr:[38]  Vblog:[38]  Vsalp:[134]  Vsupp:[134]  Vpurp:[289]  Vevnt:[38]

(-_-)/ at [2023/01/27]  eventDaysEnd start 18:30:35-- End 18:30:35
(-_-)/ vector classes size list[container size].
Vpici:[60]  Vwipr:[60]  Vpaym:[50]  Vordr:[41]  Vblog:[41]  Vsalp:[134]  Vsupp:[134]  Vpurp:[289]  Vevnt:[38]

(-_-)/ at [2023/01/28]  eventDaysEnd start 18:30:35-- End 18:30:35
(-_-)/ vector classes size list[container size].
Vpici:[63]  Vwipr:[63]  Vpaym:[56]  Vordr:[41]  Vblog:[41]  Vsalp:[134]  Vsupp:[134]  Vpurp:[289]  Vevnt:[38]

(-_-)/ vector classes size list[container size].
Vcorp:   [7]
Vitem:   [6]
Vbomm:   [3]
Vbbox:   [0]
VboxOFR: [0]
Vcitm:   [24]
Vccit:   [9]
Vmonm:   [0]
Vprod:   [3]
Vtran:   [9]
Vprda:   [0]
Vexcm:   [0]
Vrdem:   [63]
Vforc:   [63]
Vsstk:   [9]
Vpric:   [1]
Vagtm:   [17]

(-_-)/ at [2023/01/29]  Simulation loop start 18:30:35
(-_-)/ vector classes size list[container size].
Vpici:[63]  Vwipr:[63]  Vpaym:[56]  Vordr:[41]  Vblog:[41]  Vsalp:[134]  Vsupp:[134]  Vpurp:[289]  Vevnt:[38]

(-_-)/ at [2023/01/29]  eventDaysEnd start 18:30:35-- End 18:30:35
(-_-)/ vector classes size list[container size].
Vpici:[63]  Vwipr:[63]  Vpaym:[59]  Vordr:[41]  Vblog:[41]  Vsalp:[134]  Vsupp:[134]  Vpurp:[289]  Vevnt:[38]

(-_-)/ at [2023/01/30]  eventDaysEnd start 18:30:35-- End 18:30:35
(-_-)/ vector classes size list[container size].
Vpici:[63]  Vwipr:[63]  Vpaym:[59]  Vordr:[41]  Vblog:[41]  Vsalp:[161]  Vsupp:[161]  Vpurp:[348]  Vevnt:[38]

(-_-)/ at [2023/01/31]  eventDaysEnd start 18:30:35-- End 18:30:35
(-_-)/ vector classes size list[container size].
Vpici:[65]  Vwipr:[65]  Vpaym:[61]  Vordr:[43]  Vblog:[43]  Vsalp:[161]  Vsupp:[161]  Vpurp:[348]  Vevnt:[38]

(-_-)/ at [2023/02/01]  eventDaysEnd start 18:30:35-- End 18:30:35
(-_-)/ vector classes size list[container size].
Vpici:[67]  Vwipr:[67]  Vpaym:[63]  Vordr:[45]  Vblog:[45]  Vsalp:[161]  Vsupp:[161]  Vpurp:[348]  Vevnt:[38]

(-_-)/ at [2023/02/02]  eventDaysEnd start 18:30:35-- End 18:30:35
(-_-)/ vector classes size list[container size].
Vpici:[70]  Vwipr:[70]  Vpaym:[63]  Vordr:[48]  Vblog:[48]  Vsalp:[161]  Vsupp:[161]  Vpurp:[348]  Vevnt:[38]

(-_-)/ at [2023/02/03]  eventDaysEnd start 18:30:35-- End 18:30:35
(-_-)/ vector classes size list[container size].
Vpici:[76]  Vwipr:[76]  Vpaym:[66]  Vordr:[51]  Vblog:[51]  Vsalp:[161]  Vsupp:[161]  Vpurp:[348]  Vevnt:[38]

(-_-)/ at [2023/02/04]  eventDaysEnd start 18:30:35-- End 18:30:35
(-_-)/ vector classes size list[container size].
Vpici:[79]  Vwipr:[79]  Vpaym:[72]  Vordr:[51]  Vblog:[51]  Vsalp:[161]  Vsupp:[161]  Vpurp:[348]  Vevnt:[38]

(-_-)/ vector classes size list[container size].
Vcorp:   [7]
Vitem:   [6]
Vbomm:   [3]
Vbbox:   [0]
VboxOFR: [0]
Vcitm:   [24]
Vccit:   [9]
Vmonm:   [0]
Vprod:   [3]
Vtran:   [9]
Vprda:   [0]
Vexcm:   [0]
Vrdem:   [63]
Vforc:   [63]
Vsstk:   [9]
Vpric:   [1]
Vagtm:   [17]

(-_-)/ at [2023/02/05]  Simulation loop start 18:30:35
(-_-)/ vector classes size list[container size].
Vpici:[79]  Vwipr:[79]  Vpaym:[72]  Vordr:[51]  Vblog:[51]  Vsalp:[161]  Vsupp:[161]  Vpurp:[348]  Vevnt:[38]

(-_-)/ at [2023/02/05]  eventDaysEnd start 18:30:35-- End 18:30:35
(-_-)/ vector classes size list[container size].
Vpici:[79]  Vwipr:[79]  Vpaym:[75]  Vordr:[51]  Vblog:[51]  Vsalp:[161]  Vsupp:[161]  Vpurp:[348]  Vevnt:[38]

(-_-)/ at [2023/02/06]  eventDaysEnd start 18:30:35-- End 18:30:35
(-_-)/ vector classes size list[container size].
Vpici:[79]  Vwipr:[79]  Vpaym:[75]  Vordr:[51]  Vblog:[51]  Vsalp:[188]  Vsupp:[188]  Vpurp:[407]  Vevnt:[38]

(-_-)/ at [2023/02/07]  eventDaysEnd start 18:30:35-- End 18:30:35
(-_-)/ vector classes size list[container size].
Vpici:[81]  Vwipr:[81]  Vpaym:[77]  Vordr:[53]  Vblog:[53]  Vsalp:[188]  Vsupp:[188]  Vpurp:[407]  Vevnt:[38]

(-_-)/ at [2023/02/08]  eventDaysEnd start 18:30:35-- End 18:30:35
(-_-)/ vector classes size list[container size].
Vpici:[83]  Vwipr:[83]  Vpaym:[79]  Vordr:[55]  Vblog:[55]  Vsalp:[188]  Vsupp:[188]  Vpurp:[407]  Vevnt:[38]

(-_-)/ at [2023/02/09]  eventDaysEnd start 18:30:35-- End 18:30:35
(-_-)/ vector classes size list[container size].
Vpici:[86]  Vwipr:[86]  Vpaym:[79]  Vordr:[58]  Vblog:[58]  Vsalp:[188]  Vsupp:[188]  Vpurp:[407]  Vevnt:[38]

(-_-)/ at [2023/02/10]  eventDaysEnd start 18:30:35-- End 18:30:35
(-_-)/ vector classes size list[container size].
Vpici:[92]  Vwipr:[92]  Vpaym:[82]  Vordr:[61]  Vblog:[61]  Vsalp:[188]  Vsupp:[188]  Vpurp:[407]  Vevnt:[38]

(-_-)/ at [2023/02/11]  eventDaysEnd start 18:30:35-- End 18:30:35
(-_-)/ vector classes size list[container size].
Vpici:[95]  Vwipr:[95]  Vpaym:[88]  Vordr:[61]  Vblog:[61]  Vsalp:[188]  Vsupp:[188]  Vpurp:[407]  Vevnt:[38]

(-_-)/ vector classes size list[container size].
Vcorp:   [7]
Vitem:   [6]
Vbomm:   [3]
Vbbox:   [0]
VboxOFR: [0]
Vcitm:   [24]
Vccit:   [9]
Vmonm:   [0]
Vprod:   [3]
Vtran:   [9]
Vprda:   [0]
Vexcm:   [0]
Vrdem:   [63]
Vforc:   [63]
Vsstk:   [9]
Vpric:   [1]
Vagtm:   [17]

(-_-)/ at [2023/02/12]  Simulation loop start 18:30:35
(-_-)/ vector classes size list[container size].
Vpici:[95]  Vwipr:[95]  Vpaym:[88]  Vordr:[61]  Vblog:[61]  Vsalp:[188]  Vsupp:[188]  Vpurp:[407]  Vevnt:[38]

(-_-)/ at [2023/02/12]  eventDaysEnd start 18:30:35-- End 18:30:35
(-_-)/ vector classes size list[container size].
Vpici:[95]  Vwipr:[95]  Vpaym:[91]  Vordr:[61]  Vblog:[61]  Vsalp:[188]  Vsupp:[188]  Vpurp:[407]  Vevnt:[38]

(-_-)/ at [2023/02/13]  eventDaysEnd start 18:30:35-- End 18:30:35
(-_-)/ vector classes size list[container size].
Vpici:[95]  Vwipr:[95]  Vpaym:[91]  Vordr:[61]  Vblog:[61]  Vsalp:[215]  Vsupp:[215]  Vpurp:[466]  Vevnt:[38]

(-_-)/ at [2023/02/14]  eventDaysEnd start 18:30:35-- End 18:30:35
(-_-)/ vector classes size list[container size].
Vpici:[97]  Vwipr:[97]  Vpaym:[93]  Vordr:[63]  Vblog:[63]  Vsalp:[215]  Vsupp:[215]  Vpurp:[466]  Vevnt:[38]

(-_-)/ at [2023/02/15]  eventDaysEnd start 18:30:35-- End 18:30:35
(-_-)/ vector classes size list[container size].
Vpici:[99]  Vwipr:[99]  Vpaym:[95]  Vordr:[65]  Vblog:[65]  Vsalp:[215]  Vsupp:[215]  Vpurp:[466]  Vevnt:[38]

(-_-)/ at [2023/02/16]  eventDaysEnd start 18:30:35-- End 18:30:35
(-_-)/ vector classes size list[container size].
Vpici:[102]  Vwipr:[102]  Vpaym:[95]  Vordr:[68]  Vblog:[68]  Vsalp:[215]  Vsupp:[215]  Vpurp:[466]  Vevnt:[38]

(-_-)/ at [2023/02/17]  eventDaysEnd start 18:30:35-- End 18:30:35
(-_-)/ vector classes size list[container size].
Vpici:[108]  Vwipr:[108]  Vpaym:[98]  Vordr:[71]  Vblog:[71]  Vsalp:[215]  Vsupp:[215]  Vpurp:[466]  Vevnt:[38]

(-_-)/ at [2023/02/18]  eventDaysEnd start 18:30:35-- End 18:30:35
(-_-)/ vector classes size list[container size].
Vpici:[111]  Vwipr:[111]  Vpaym:[104]  Vordr:[71]  Vblog:[71]  Vsalp:[215]  Vsupp:[215]  Vpurp:[466]  Vevnt:[38]

(-_-)/ vector classes size list[container size].
Vcorp:   [7]
Vitem:   [6]
Vbomm:   [3]
Vbbox:   [0]
VboxOFR: [0]
Vcitm:   [24]
Vccit:   [9]
Vmonm:   [0]
Vprod:   [3]
Vtran:   [9]
Vprda:   [0]
Vexcm:   [0]
Vrdem:   [63]
Vforc:   [63]
Vsstk:   [9]
Vpric:   [1]
Vagtm:   [17]

(-_-)/ at [2023/02/19]  Simulation loop start 18:30:35
(-_-)/ vector classes size list[container size].
Vpici:[111]  Vwipr:[111]  Vpaym:[104]  Vordr:[71]  Vblog:[71]  Vsalp:[215]  Vsupp:[215]  Vpurp:[466]  Vevnt:[38]

(-_-)/ at [2023/02/19]  eventDaysEnd start 18:30:35-- End 18:30:35
(-_-)/ vector classes size list[container size].
Vpici:[111]  Vwipr:[111]  Vpaym:[107]  Vordr:[71]  Vblog:[71]  Vsalp:[215]  Vsupp:[215]  Vpurp:[466]  Vevnt:[38]

(-_-)/ at [2023/02/20]  eventDaysEnd start 18:30:35-- End 18:30:35
(-_-)/ vector classes size list[container size].
Vpici:[111]  Vwipr:[111]  Vpaym:[107]  Vordr:[71]  Vblog:[71]  Vsalp:[242]  Vsupp:[242]  Vpurp:[525]  Vevnt:[38]

(-_-)/ at [2023/02/21]  eventDaysEnd start 18:30:35-- End 18:30:35
(-_-)/ vector classes size list[container size].
Vpici:[113]  Vwipr:[113]  Vpaym:[109]  Vordr:[73]  Vblog:[73]  Vsalp:[242]  Vsupp:[242]  Vpurp:[525]  Vevnt:[38]

(-_-)/ at [2023/02/22]  eventDaysEnd start 18:30:35-- End 18:30:35
(-_-)/ vector classes size list[container size].
Vpici:[115]  Vwipr:[115]  Vpaym:[111]  Vordr:[75]  Vblog:[75]  Vsalp:[242]  Vsupp:[242]  Vpurp:[525]  Vevnt:[38]

(-_-)/ at [2023/02/23]  eventDaysEnd start 18:30:35-- End 18:30:35
(-_-)/ vector classes size list[container size].
Vpici:[118]  Vwipr:[118]  Vpaym:[111]  Vordr:[78]  Vblog:[78]  Vsalp:[242]  Vsupp:[242]  Vpurp:[525]  Vevnt:[38]

(-_-)/ at [2023/02/24]  eventDaysEnd start 18:30:35-- End 18:30:35
(-_-)/ vector classes size list[container size].
Vpici:[124]  Vwipr:[124]  Vpaym:[114]  Vordr:[81]  Vblog:[81]  Vsalp:[242]  Vsupp:[242]  Vpurp:[525]  Vevnt:[38]

(-_-)/ at [2023/02/25]  eventDaysEnd start 18:30:35-- End 18:30:35
(-_-)/ vector classes size list[container size].
Vpici:[127]  Vwipr:[127]  Vpaym:[120]  Vordr:[81]  Vblog:[81]  Vsalp:[242]  Vsupp:[242]  Vpurp:[525]  Vevnt:[38]

(-_-)/ vector classes size list[container size].
Vcorp:   [7]
Vitem:   [6]
Vbomm:   [3]
Vbbox:   [0]
VboxOFR: [0]
Vcitm:   [24]
Vccit:   [9]
Vmonm:   [0]
Vprod:   [3]
Vtran:   [9]
Vprda:   [0]
Vexcm:   [0]
Vrdem:   [63]
Vforc:   [63]
Vsstk:   [9]
Vpric:   [1]
Vagtm:   [17]

(-_-)/ at [2023/02/26]  Simulation loop start 18:30:35
(-_-)/ vector classes size list[container size].
Vpici:[127]  Vwipr:[127]  Vpaym:[120]  Vordr:[81]  Vblog:[81]  Vsalp:[242]  Vsupp:[242]  Vpurp:[525]  Vevnt:[38]

(-_-)/ at [2023/02/26]  eventDaysEnd start 18:30:35-- End 18:30:35
(-_-)/ vector classes size list[container size].
Vpici:[127]  Vwipr:[127]  Vpaym:[123]  Vordr:[81]  Vblog:[81]  Vsalp:[242]  Vsupp:[242]  Vpurp:[525]  Vevnt:[38]

(-_-)/ at [2023/02/27]  eventDaysEnd start 18:30:35-- End 18:30:35
(-_-)/ vector classes size list[container size].
Vpici:[127]  Vwipr:[127]  Vpaym:[123]  Vordr:[81]  Vblog:[81]  Vsalp:[269]  Vsupp:[269]  Vpurp:[584]  Vevnt:[38]

(-_-)/ at [2023/02/28]  eventDaysEnd start 18:30:35-- End 18:30:35
(-_-)/ vector classes size list[container size].
Vpici:[129]  Vwipr:[129]  Vpaym:[125]  Vordr:[83]  Vblog:[83]  Vsalp:[269]  Vsupp:[269]  Vpurp:[584]  Vevnt:[38]

(-_-)/ at [2023/03/01]  eventDaysEnd start 18:30:35-- End 18:30:35
(-_-)/ vector classes size list[container size].
Vpici:[131]  Vwipr:[131]  Vpaym:[127]  Vordr:[85]  Vblog:[85]  Vsalp:[269]  Vsupp:[269]  Vpurp:[584]  Vevnt:[38]

(-_-)/ at [2023/03/02]  eventDaysEnd start 18:30:35-- End 18:30:35
(-_-)/ vector classes size list[container size].
Vpici:[134]  Vwipr:[134]  Vpaym:[127]  Vordr:[88]  Vblog:[88]  Vsalp:[269]  Vsupp:[269]  Vpurp:[584]  Vevnt:[38]

(-_-)/ at [2023/03/03]  eventDaysEnd start 18:30:35-- End 18:30:35
(-_-)/ vector classes size list[container size].
Vpici:[140]  Vwipr:[140]  Vpaym:[130]  Vordr:[91]  Vblog:[91]  Vsalp:[269]  Vsupp:[269]  Vpurp:[584]  Vevnt:[38]

(-_-)/ at [2023/03/04]  eventDaysEnd start 18:30:35-- End 18:30:35
(-_-)/ vector classes size list[container size].
Vpici:[143]  Vwipr:[143]  Vpaym:[136]  Vordr:[91]  Vblog:[91]  Vsalp:[269]  Vsupp:[269]  Vpurp:[584]  Vevnt:[38]

(-_-)/ vector classes size list[container size].
Vcorp:   [7]
Vitem:   [6]
Vbomm:   [3]
Vbbox:   [0]
VboxOFR: [0]
Vcitm:   [24]
Vccit:   [9]
Vmonm:   [0]
Vprod:   [3]
Vtran:   [9]
Vprda:   [0]
Vexcm:   [0]
Vrdem:   [63]
Vforc:   [63]
Vsstk:   [9]
Vpric:   [1]
Vagtm:   [17]

(-_-)/ at [2023/03/05]  Simulation loop start 18:30:35
(-_-)/ vector classes size list[container size].
Vpici:[143]  Vwipr:[143]  Vpaym:[136]  Vordr:[91]  Vblog:[91]  Vsalp:[269]  Vsupp:[269]  Vpurp:[584]  Vevnt:[38]

(-_-)/ at [2023/03/05]  eventDaysEnd start 18:30:35-- End 18:30:35
(-_-)/ vector classes size list[container size].
Vpici:[143]  Vwipr:[143]  Vpaym:[139]  Vordr:[91]  Vblog:[91]  Vsalp:[269]  Vsupp:[269]  Vpurp:[584]  Vevnt:[38]

(-_-)/ at [2023/03/06]  eventDaysEnd start 18:30:35-- End 18:30:35
(-_-)/ vector classes size list[container size].
Vpici:[143]  Vwipr:[143]  Vpaym:[139]  Vordr:[91]  Vblog:[91]  Vsalp:[296]  Vsupp:[296]  Vpurp:[643]  Vevnt:[38]

(-_-)/ at [2023/03/07]  eventDaysEnd start 18:30:35-- End 18:30:35
(-_-)/ vector classes size list[container size].
Vpici:[145]  Vwipr:[145]  Vpaym:[141]  Vordr:[93]  Vblog:[93]  Vsalp:[296]  Vsupp:[296]  Vpurp:[643]  Vevnt:[38]

(-_-)/ at [2023/03/08]  eventDaysEnd start 18:30:35-- End 18:30:35
(-_-)/ vector classes size list[container size].
Vpici:[147]  Vwipr:[147]  Vpaym:[143]  Vordr:[95]  Vblog:[95]  Vsalp:[296]  Vsupp:[296]  Vpurp:[643]  Vevnt:[38]

(-_-)/ at [2023/03/09]  eventDaysEnd start 18:30:35-- End 18:30:35
(-_-)/ vector classes size list[container size].
Vpici:[150]  Vwipr:[150]  Vpaym:[143]  Vordr:[98]  Vblog:[98]  Vsalp:[296]  Vsupp:[296]  Vpurp:[643]  Vevnt:[38]

(-_-)/ at [2023/03/10]  eventDaysEnd start 18:30:35-- End 18:30:35
(-_-)/ vector classes size list[container size].
Vpici:[156]  Vwipr:[156]  Vpaym:[146]  Vordr:[101]  Vblog:[101]  Vsalp:[296]  Vsupp:[296]  Vpurp:[643]  Vevnt:[38]

(-_-)/ at [2023/03/11]  eventDaysEnd start 18:30:35-- End 18:30:35
(-_-)/ vector classes size list[container size].
Vpici:[159]  Vwipr:[159]  Vpaym:[152]  Vordr:[101]  Vblog:[101]  Vsalp:[296]  Vsupp:[296]  Vpurp:[643]  Vevnt:[38]

(-_-)/ vector classes size list[container size].
Vcorp:   [7]
Vitem:   [6]
Vbomm:   [3]
Vbbox:   [0]
VboxOFR: [0]
Vcitm:   [24]
Vccit:   [9]
Vmonm:   [0]
Vprod:   [3]
Vtran:   [9]
Vprda:   [0]
Vexcm:   [0]
Vrdem:   [63]
Vforc:   [63]
Vsstk:   [9]
Vpric:   [1]
Vagtm:   [17]

(-_-)/ at [2023/03/12]  Simulation loop start 18:30:35
(-_-)/ vector classes size list[container size].
Vpici:[159]  Vwipr:[159]  Vpaym:[152]  Vordr:[101]  Vblog:[101]  Vsalp:[296]  Vsupp:[296]  Vpurp:[643]  Vevnt:[38]

(-_-)/ at [2023/03/12]  eventDaysEnd start 18:30:35-- End 18:30:35
(-_-)/ vector classes size list[container size].
Vpici:[159]  Vwipr:[159]  Vpaym:[155]  Vordr:[101]  Vblog:[101]  Vsalp:[296]  Vsupp:[296]  Vpurp:[643]  Vevnt:[38]

(-_-)/ at [2023/03/13]  eventDaysEnd start 18:30:35-- End 18:30:35
(-_-)/ vector classes size list[container size].
Vpici:[159]  Vwipr:[159]  Vpaym:[155]  Vordr:[101]  Vblog:[101]  Vsalp:[323]  Vsupp:[323]  Vpurp:[702]  Vevnt:[38]

(-_-)/ at [2023/03/14]  eventDaysEnd start 18:30:35-- End 18:30:35
(-_-)/ vector classes size list[container size].
Vpici:[161]  Vwipr:[161]  Vpaym:[157]  Vordr:[103]  Vblog:[103]  Vsalp:[323]  Vsupp:[323]  Vpurp:[702]  Vevnt:[38]

(-_-)/ at [2023/03/15]  eventDaysEnd start 18:30:35-- End 18:30:35
(-_-)/ vector classes size list[container size].
Vpici:[163]  Vwipr:[163]  Vpaym:[159]  Vordr:[105]  Vblog:[105]  Vsalp:[323]  Vsupp:[323]  Vpurp:[702]  Vevnt:[38]

(-_-)/ at [2023/03/16]  eventDaysEnd start 18:30:35-- End 18:30:35
(-_-)/ vector classes size list[container size].
Vpici:[166]  Vwipr:[166]  Vpaym:[159]  Vordr:[108]  Vblog:[108]  Vsalp:[323]  Vsupp:[323]  Vpurp:[702]  Vevnt:[38]

(-_-)/ at [2023/03/17]  eventDaysEnd start 18:30:35-- End 18:30:35
(-_-)/ vector classes size list[container size].
Vpici:[172]  Vwipr:[172]  Vpaym:[162]  Vordr:[111]  Vblog:[111]  Vsalp:[323]  Vsupp:[323]  Vpurp:[702]  Vevnt:[38]

(-_-)/ at [2023/03/18]  eventDaysEnd start 18:30:35-- End 18:30:35
(-_-)/ vector classes size list[container size].
Vpici:[175]  Vwipr:[175]  Vpaym:[168]  Vordr:[111]  Vblog:[111]  Vsalp:[323]  Vsupp:[323]  Vpurp:[702]  Vevnt:[38]

(-_-)/ vector classes size list[container size].
Vcorp:   [7]
Vitem:   [6]
Vbomm:   [3]
Vbbox:   [0]
VboxOFR: [0]
Vcitm:   [24]
Vccit:   [9]
Vmonm:   [0]
Vprod:   [3]
Vtran:   [9]
Vprda:   [0]
Vexcm:   [0]
Vrdem:   [63]
Vforc:   [63]
Vsstk:   [9]
Vpric:   [1]
Vagtm:   [17]

(-_-)/ at [2023/03/19]  Simulation loop start 18:30:35
(-_-)/ vector classes size list[container size].
Vpici:[175]  Vwipr:[175]  Vpaym:[168]  Vordr:[111]  Vblog:[111]  Vsalp:[323]  Vsupp:[323]  Vpurp:[702]  Vevnt:[38]

(-_-)/ at [2023/03/19]  eventDaysEnd start 18:30:35-- End 18:30:35
(-_-)/ vector classes size list[container size].
Vpici:[175]  Vwipr:[175]  Vpaym:[171]  Vordr:[111]  Vblog:[111]  Vsalp:[323]  Vsupp:[323]  Vpurp:[702]  Vevnt:[38]

(-_-)/ at [2023/03/20]  eventDaysEnd start 18:30:35-- End 18:30:35
(-_-)/ vector classes size list[container size].
Vpici:[175]  Vwipr:[175]  Vpaym:[171]  Vordr:[111]  Vblog:[111]  Vsalp:[350]  Vsupp:[350]  Vpurp:[761]  Vevnt:[38]

(-_-)/ at [2023/03/21]  eventDaysEnd start 18:30:35-- End 18:30:35
(-_-)/ vector classes size list[container size].
Vpici:[177]  Vwipr:[177]  Vpaym:[173]  Vordr:[113]  Vblog:[113]  Vsalp:[350]  Vsupp:[350]  Vpurp:[761]  Vevnt:[38]

(-_-)/ at [2023/03/22]  eventDaysEnd start 18:30:35-- End 18:30:35
(-_-)/ vector classes size list[container size].
Vpici:[179]  Vwipr:[179]  Vpaym:[175]  Vordr:[115]  Vblog:[115]  Vsalp:[350]  Vsupp:[350]  Vpurp:[761]  Vevnt:[38]

(-_-)/ at [2023/03/23]  eventDaysEnd start 18:30:35-- End 18:30:35
(-_-)/ vector classes size list[container size].
Vpici:[182]  Vwipr:[182]  Vpaym:[175]  Vordr:[118]  Vblog:[118]  Vsalp:[350]  Vsupp:[350]  Vpurp:[761]  Vevnt:[38]

(-_-)/ at [2023/03/24]  eventDaysEnd start 18:30:35-- End 18:30:35
(-_-)/ vector classes size list[container size].
Vpici:[188]  Vwipr:[188]  Vpaym:[178]  Vordr:[121]  Vblog:[121]  Vsalp:[350]  Vsupp:[350]  Vpurp:[761]  Vevnt:[38]

(-_-)/ at [2023/03/25]  eventDaysEnd start 18:30:35-- End 18:30:35
(-_-)/ vector classes size list[container size].
Vpici:[191]  Vwipr:[191]  Vpaym:[184]  Vordr:[121]  Vblog:[121]  Vsalp:[350]  Vsupp:[350]  Vpurp:[761]  Vevnt:[38]

(-_-)/ vector classes size list[container size].
Vcorp:   [7]
Vitem:   [6]
Vbomm:   [3]
Vbbox:   [0]
VboxOFR: [0]
Vcitm:   [24]
Vccit:   [9]
Vmonm:   [0]
Vprod:   [3]
Vtran:   [9]
Vprda:   [0]
Vexcm:   [0]
Vrdem:   [63]
Vforc:   [63]
Vsstk:   [9]
Vpric:   [1]
Vagtm:   [17]

(-_-)/ at [2023/03/26]  Simulation loop start 18:30:35
(-_-)/ vector classes size list[container size].
Vpici:[191]  Vwipr:[191]  Vpaym:[184]  Vordr:[121]  Vblog:[121]  Vsalp:[350]  Vsupp:[350]  Vpurp:[761]  Vevnt:[38]

(-_-)/ at [2023/03/26]  eventDaysEnd start 18:30:35-- End 18:30:35
(-_-)/ vector classes size list[container size].
Vpici:[191]  Vwipr:[191]  Vpaym:[187]  Vordr:[121]  Vblog:[121]  Vsalp:[350]  Vsupp:[350]  Vpurp:[761]  Vevnt:[38]

(-_-)/ at [2023/03/27]  eventDaysEnd start 18:30:35-- End 18:30:35
(-_-)/ vector classes size list[container size].
Vpici:[191]  Vwipr:[191]  Vpaym:[187]  Vordr:[121]  Vblog:[121]  Vsalp:[377]  Vsupp:[377]  Vpurp:[820]  Vevnt:[38]

(-_-)/ at [2023/03/28]  eventDaysEnd start 18:30:35-- End 18:30:35
(-_-)/ vector classes size list[container size].
Vpici:[193]  Vwipr:[193]  Vpaym:[189]  Vordr:[123]  Vblog:[123]  Vsalp:[377]  Vsupp:[377]  Vpurp:[820]  Vevnt:[38]

(-_-)/ at [2023/03/29]  eventDaysEnd start 18:30:35-- End 18:30:35
(-_-)/ vector classes size list[container size].
Vpici:[195]  Vwipr:[195]  Vpaym:[191]  Vordr:[125]  Vblog:[125]  Vsalp:[377]  Vsupp:[377]  Vpurp:[820]  Vevnt:[38]

(-_-)/ at [2023/03/30]  eventDaysEnd start 18:30:35-- End 18:30:35
(-_-)/ vector classes size list[container size].
Vpici:[198]  Vwipr:[198]  Vpaym:[191]  Vordr:[128]  Vblog:[128]  Vsalp:[377]  Vsupp:[377]  Vpurp:[820]  Vevnt:[38]

(-_-)/ at [2023/03/31]  eventDaysEnd start 18:30:35-- End 18:30:35
(-_-)/ vector classes size list[container size].
Vpici:[204]  Vwipr:[204]  Vpaym:[194]  Vordr:[131]  Vblog:[131]  Vsalp:[377]  Vsupp:[377]  Vpurp:[820]  Vevnt:[38]

(-_-)/ at [2023/04/01]  eventDaysEnd start 18:30:35-- End 18:30:35
(-_-)/ vector classes size list[container size].
Vpici:[207]  Vwipr:[207]  Vpaym:[200]  Vordr:[131]  Vblog:[131]  Vsalp:[377]  Vsupp:[377]  Vpurp:[820]  Vevnt:[38]

(-_-)/ vector classes size list[container size].
Vcorp:   [7]
Vitem:   [6]
Vbomm:   [3]
Vbbox:   [0]
VboxOFR: [0]
Vcitm:   [24]
Vccit:   [9]
Vmonm:   [0]
Vprod:   [3]
Vtran:   [9]
Vprda:   [0]
Vexcm:   [0]
Vrdem:   [63]
Vforc:   [63]
Vsstk:   [9]
Vpric:   [1]
Vagtm:   [17]

(-_-)/ at [2023/04/02]  Simulation loop start 18:30:35
(-_-)/ vector classes size list[container size].
Vpici:[207]  Vwipr:[207]  Vpaym:[200]  Vordr:[131]  Vblog:[131]  Vsalp:[377]  Vsupp:[377]  Vpurp:[820]  Vevnt:[38]

(-_-)/ at [2023/04/02]  eventDaysEnd start 18:30:35-- End 18:30:35
(-_-)/ vector classes size list[container size].
Vpici:[207]  Vwipr:[207]  Vpaym:[203]  Vordr:[131]  Vblog:[131]  Vsalp:[377]  Vsupp:[377]  Vpurp:[820]  Vevnt:[38]

(-_-)/ at [2023/04/03]  eventDaysEnd start 18:30:35-- End 18:30:35
(-_-)/ vector classes size list[container size].
Vpici:[207]  Vwipr:[207]  Vpaym:[203]  Vordr:[131]  Vblog:[131]  Vsalp:[401]  Vsupp:[401]  Vpurp:[872]  Vevnt:[38]

(-_-)/ at [2023/04/04]  eventDaysEnd start 18:30:35-- End 18:30:35
(-_-)/ vector classes size list[container size].
Vpici:[209]  Vwipr:[209]  Vpaym:[205]  Vordr:[133]  Vblog:[133]  Vsalp:[401]  Vsupp:[401]  Vpurp:[872]  Vevnt:[38]

(-_-)/ at [2023/04/05]  eventDaysEnd start 18:30:35-- End 18:30:35
(-_-)/ vector classes size list[container size].
Vpici:[211]  Vwipr:[211]  Vpaym:[207]  Vordr:[135]  Vblog:[135]  Vsalp:[401]  Vsupp:[401]  Vpurp:[872]  Vevnt:[38]

(-_-)/ at [2023/04/06]  eventDaysEnd start 18:30:35-- End 18:30:35
(-_-)/ vector classes size list[container size].
Vpici:[214]  Vwipr:[214]  Vpaym:[207]  Vordr:[138]  Vblog:[138]  Vsalp:[401]  Vsupp:[401]  Vpurp:[872]  Vevnt:[38]

(-_-)/ at [2023/04/07]  eventDaysEnd start 18:30:35-- End 18:30:35
(-_-)/ vector classes size list[container size].
Vpici:[220]  Vwipr:[220]  Vpaym:[210]  Vordr:[141]  Vblog:[141]  Vsalp:[401]  Vsupp:[401]  Vpurp:[872]  Vevnt:[38]

(-_-)/ at [2023/04/08]  eventDaysEnd start 18:30:35-- End 18:30:35
(-_-)/ vector classes size list[container size].
Vpici:[223]  Vwipr:[223]  Vpaym:[216]  Vordr:[141]  Vblog:[141]  Vsalp:[401]  Vsupp:[401]  Vpurp:[872]  Vevnt:[38]

(-_-)/ vector classes size list[container size].
Vcorp:   [7]
Vitem:   [6]
Vbomm:   [3]
Vbbox:   [0]
VboxOFR: [0]
Vcitm:   [24]
Vccit:   [9]
Vmonm:   [0]
Vprod:   [3]
Vtran:   [9]
Vprda:   [0]
Vexcm:   [0]
Vrdem:   [63]
Vforc:   [63]
Vsstk:   [9]
Vpric:   [1]
Vagtm:   [17]

(-_-)/ at [2023/04/09]  Simulation loop start 18:30:35
(-_-)/ vector classes size list[container size].
Vpici:[223]  Vwipr:[223]  Vpaym:[216]  Vordr:[141]  Vblog:[141]  Vsalp:[401]  Vsupp:[401]  Vpurp:[872]  Vevnt:[38]

(-_-)/ at [2023/04/09]  eventDaysEnd start 18:30:35-- End 18:30:35
(-_-)/ vector classes size list[container size].
Vpici:[223]  Vwipr:[223]  Vpaym:[219]  Vordr:[141]  Vblog:[141]  Vsalp:[401]  Vsupp:[401]  Vpurp:[872]  Vevnt:[38]

(-_-)/ at [2023/04/10]  eventDaysEnd start 18:30:35-- End 18:30:35
(-_-)/ vector classes size list[container size].
Vpici:[223]  Vwipr:[223]  Vpaym:[219]  Vordr:[141]  Vblog:[141]  Vsalp:[422]  Vsupp:[422]  Vpurp:[917]  Vevnt:[38]

(-_-)/ at [2023/04/11]  eventDaysEnd start 18:30:35-- End 18:30:35
(-_-)/ vector classes size list[container size].
Vpici:[225]  Vwipr:[225]  Vpaym:[221]  Vordr:[143]  Vblog:[143]  Vsalp:[422]  Vsupp:[422]  Vpurp:[917]  Vevnt:[38]

(-_-)/ at [2023/04/12]  eventDaysEnd start 18:30:35-- End 18:30:35
(-_-)/ vector classes size list[container size].
Vpici:[227]  Vwipr:[227]  Vpaym:[223]  Vordr:[145]  Vblog:[145]  Vsalp:[422]  Vsupp:[422]  Vpurp:[917]  Vevnt:[38]

(-_-)/ at [2023/04/13]  eventDaysEnd start 18:30:35-- End 18:30:35
(-_-)/ vector classes size list[container size].
Vpici:[230]  Vwipr:[230]  Vpaym:[223]  Vordr:[148]  Vblog:[148]  Vsalp:[422]  Vsupp:[422]  Vpurp:[917]  Vevnt:[38]

(-_-)/ at [2023/04/14]  eventDaysEnd start 18:30:35-- End 18:30:35
(-_-)/ vector classes size list[container size].
Vpici:[236]  Vwipr:[236]  Vpaym:[226]  Vordr:[151]  Vblog:[151]  Vsalp:[422]  Vsupp:[422]  Vpurp:[917]  Vevnt:[38]

(-_-)/ at [2023/04/15]  eventDaysEnd start 18:30:35-- End 18:30:35
(-_-)/ vector classes size list[container size].
Vpici:[239]  Vwipr:[239]  Vpaym:[232]  Vordr:[151]  Vblog:[151]  Vsalp:[422]  Vsupp:[422]  Vpurp:[917]  Vevnt:[38]

(-_-)/ vector classes size list[container size].
Vcorp:   [7]
Vitem:   [6]
Vbomm:   [3]
Vbbox:   [0]
VboxOFR: [0]
Vcitm:   [24]
Vccit:   [9]
Vmonm:   [0]
Vprod:   [3]
Vtran:   [9]
Vprda:   [0]
Vexcm:   [0]
Vrdem:   [63]
Vforc:   [63]
Vsstk:   [9]
Vpric:   [1]
Vagtm:   [17]

(-_-)/ at [2023/04/16]  Simulation loop start 18:30:35
(-_-)/ vector classes size list[container size].
Vpici:[239]  Vwipr:[239]  Vpaym:[232]  Vordr:[151]  Vblog:[151]  Vsalp:[422]  Vsupp:[422]  Vpurp:[917]  Vevnt:[38]

(-_-)/ at [2023/04/16]  eventDaysEnd start 18:30:35-- End 18:30:35
(-_-)/ vector classes size list[container size].
Vpici:[239]  Vwipr:[239]  Vpaym:[235]  Vordr:[151]  Vblog:[151]  Vsalp:[422]  Vsupp:[422]  Vpurp:[917]  Vevnt:[38]

(-_-)/ at [2023/04/17]  eventDaysEnd start 18:30:35-- End 18:30:35
(-_-)/ vector classes size list[container size].
Vpici:[239]  Vwipr:[239]  Vpaym:[235]  Vordr:[151]  Vblog:[151]  Vsalp:[440]  Vsupp:[440]  Vpurp:[955]  Vevnt:[38]

(-_-)/ at [2023/04/18]  eventDaysEnd start 18:30:35-- End 18:30:35
(-_-)/ vector classes size list[container size].
Vpici:[241]  Vwipr:[241]  Vpaym:[237]  Vordr:[153]  Vblog:[153]  Vsalp:[440]  Vsupp:[440]  Vpurp:[955]  Vevnt:[38]

(-_-)/ at [2023/04/19]  eventDaysEnd start 18:30:35-- End 18:30:35
(-_-)/ vector classes size list[container size].
Vpici:[243]  Vwipr:[243]  Vpaym:[239]  Vordr:[155]  Vblog:[155]  Vsalp:[440]  Vsupp:[440]  Vpurp:[955]  Vevnt:[38]

(-_-)/ at [2023/04/20]  eventDaysEnd start 18:30:35-- End 18:30:35
(-_-)/ vector classes size list[container size].
Vpici:[246]  Vwipr:[246]  Vpaym:[239]  Vordr:[158]  Vblog:[158]  Vsalp:[440]  Vsupp:[440]  Vpurp:[955]  Vevnt:[38]

(-_-)/ at [2023/04/21]  eventDaysEnd start 18:30:35-- End 18:30:35
(-_-)/ vector classes size list[container size].
Vpici:[252]  Vwipr:[252]  Vpaym:[242]  Vordr:[161]  Vblog:[161]  Vsalp:[440]  Vsupp:[440]  Vpurp:[955]  Vevnt:[38]

(-_-)/ at [2023/04/22]  eventDaysEnd start 18:30:35-- End 18:30:35
(-_-)/ vector classes size list[container size].
Vpici:[255]  Vwipr:[255]  Vpaym:[248]  Vordr:[161]  Vblog:[161]  Vsalp:[440]  Vsupp:[440]  Vpurp:[955]  Vevnt:[38]

(-_-)/ vector classes size list[container size].
Vcorp:   [7]
Vitem:   [6]
Vbomm:   [3]
Vbbox:   [0]
VboxOFR: [0]
Vcitm:   [24]
Vccit:   [9]
Vmonm:   [0]
Vprod:   [3]
Vtran:   [9]
Vprda:   [0]
Vexcm:   [0]
Vrdem:   [63]
Vforc:   [63]
Vsstk:   [9]
Vpric:   [1]
Vagtm:   [17]

(-_-)/ at [2023/04/23]  Simulation loop start 18:30:35
(-_-)/ vector classes size list[container size].
Vpici:[255]  Vwipr:[255]  Vpaym:[248]  Vordr:[161]  Vblog:[161]  Vsalp:[440]  Vsupp:[440]  Vpurp:[955]  Vevnt:[38]

(-_-)/ at [2023/04/23]  eventDaysEnd start 18:30:35-- End 18:30:35
(-_-)/ vector classes size list[container size].
Vpici:[255]  Vwipr:[255]  Vpaym:[251]  Vordr:[161]  Vblog:[161]  Vsalp:[440]  Vsupp:[440]  Vpurp:[955]  Vevnt:[38]

(-_-)/ at [2023/04/24]  eventDaysEnd start 18:30:35-- End 18:30:35
(-_-)/ vector classes size list[container size].
Vpici:[255]  Vwipr:[255]  Vpaym:[251]  Vordr:[161]  Vblog:[161]  Vsalp:[455]  Vsupp:[455]  Vpurp:[986]  Vevnt:[38]

(-_-)/ at [2023/04/25]  eventDaysEnd start 18:30:35-- End 18:30:35
(-_-)/ vector classes size list[container size].
Vpici:[257]  Vwipr:[257]  Vpaym:[253]  Vordr:[163]  Vblog:[163]  Vsalp:[455]  Vsupp:[455]  Vpurp:[986]  Vevnt:[38]

(-_-)/ at [2023/04/26]  eventDaysEnd start 18:30:35-- End 18:30:35
(-_-)/ vector classes size list[container size].
Vpici:[259]  Vwipr:[259]  Vpaym:[255]  Vordr:[165]  Vblog:[165]  Vsalp:[455]  Vsupp:[455]  Vpurp:[986]  Vevnt:[38]

(-_-)/ at [2023/04/27]  eventDaysEnd start 18:30:35-- End 18:30:35
(-_-)/ vector classes size list[container size].
Vpici:[262]  Vwipr:[262]  Vpaym:[255]  Vordr:[168]  Vblog:[168]  Vsalp:[455]  Vsupp:[455]  Vpurp:[986]  Vevnt:[38]

(-_-)/ at [2023/04/28]  eventDaysEnd start 18:30:35-- End 18:30:35
(-_-)/ vector classes size list[container size].
Vpici:[268]  Vwipr:[268]  Vpaym:[258]  Vordr:[171]  Vblog:[171]  Vsalp:[455]  Vsupp:[455]  Vpurp:[986]  Vevnt:[38]

(-_-)/ at [2023/04/29]  eventDaysEnd start 18:30:35-- End 18:30:35
(-_-)/ vector classes size list[container size].
Vpici:[271]  Vwipr:[271]  Vpaym:[264]  Vordr:[171]  Vblog:[171]  Vsalp:[455]  Vsupp:[455]  Vpurp:[986]  Vevnt:[38]

(-_-)/ vector classes size list[container size].
Vcorp:   [7]
Vitem:   [6]
Vbomm:   [3]
Vbbox:   [0]
VboxOFR: [0]
Vcitm:   [24]
Vccit:   [9]
Vmonm:   [0]
Vprod:   [3]
Vtran:   [9]
Vprda:   [0]
Vexcm:   [0]
Vrdem:   [63]
Vforc:   [63]
Vsstk:   [9]
Vpric:   [1]
Vagtm:   [17]

(-_-)/ at [2023/04/30]  Simulation loop start 18:30:35
(-_-)/ vector classes size list[container size].
Vpici:[271]  Vwipr:[271]  Vpaym:[264]  Vordr:[171]  Vblog:[171]  Vsalp:[455]  Vsupp:[455]  Vpurp:[986]  Vevnt:[38]

(-_-)/ at [2023/04/30]  eventDaysEnd start 18:30:35-- End 18:30:35
(-_-)/ vector classes size list[container size].
Vpici:[271]  Vwipr:[271]  Vpaym:[267]  Vordr:[171]  Vblog:[171]  Vsalp:[455]  Vsupp:[455]  Vpurp:[986]  Vevnt:[38]

(-_-)/ at [2023/05/01]  eventDaysEnd start 18:30:35-- End 18:30:35
(-_-)/ vector classes size list[container size].
Vpici:[271]  Vwipr:[271]  Vpaym:[267]  Vordr:[171]  Vblog:[171]  Vsalp:[467]  Vsupp:[467]  Vpurp:[1010]  Vevnt:[38]

(-_-)/ at [2023/05/02]  eventDaysEnd start 18:30:35-- End 18:30:35
(-_-)/ vector classes size list[container size].
Vpici:[273]  Vwipr:[273]  Vpaym:[269]  Vordr:[173]  Vblog:[173]  Vsalp:[467]  Vsupp:[467]  Vpurp:[1010]  Vevnt:[38]

(-_-)/ at [2023/05/03]  eventDaysEnd start 18:30:35-- End 18:30:35
(-_-)/ vector classes size list[container size].
Vpici:[275]  Vwipr:[275]  Vpaym:[271]  Vordr:[175]  Vblog:[175]  Vsalp:[467]  Vsupp:[467]  Vpurp:[1010]  Vevnt:[38]

(-_-)/ at [2023/05/04]  eventDaysEnd start 18:30:35-- End 18:30:35
(-_-)/ vector classes size list[container size].
Vpici:[278]  Vwipr:[278]  Vpaym:[271]  Vordr:[178]  Vblog:[178]  Vsalp:[467]  Vsupp:[467]  Vpurp:[1010]  Vevnt:[38]

(-_-)/ at [2023/05/05]  eventDaysEnd start 18:30:35-- End 18:30:35
(-_-)/ vector classes size list[container size].
Vpici:[284]  Vwipr:[284]  Vpaym:[274]  Vordr:[181]  Vblog:[181]  Vsalp:[467]  Vsupp:[467]  Vpurp:[1010]  Vevnt:[38]

(-_-)/ at [2023/05/06]  eventDaysEnd start 18:30:35-- End 18:30:35
(-_-)/ vector classes size list[container size].
Vpici:[287]  Vwipr:[287]  Vpaym:[280]  Vordr:[181]  Vblog:[181]  Vsalp:[467]  Vsupp:[467]  Vpurp:[1010]  Vevnt:[38]

(-_-)/ vector classes size list[container size].
Vcorp:   [7]
Vitem:   [6]
Vbomm:   [3]
Vbbox:   [0]
VboxOFR: [0]
Vcitm:   [24]
Vccit:   [9]
Vmonm:   [0]
Vprod:   [3]
Vtran:   [9]
Vprda:   [0]
Vexcm:   [0]
Vrdem:   [63]
Vforc:   [63]
Vsstk:   [9]
Vpric:   [1]
Vagtm:   [17]

(-_-)/ at [2023/05/07]  Simulation loop start 18:30:35
(-_-)/ vector classes size list[container size].
Vpici:[287]  Vwipr:[287]  Vpaym:[280]  Vordr:[181]  Vblog:[181]  Vsalp:[467]  Vsupp:[467]  Vpurp:[1010]  Vevnt:[38]

(-_-)/ at [2023/05/07]  eventDaysEnd start 18:30:35-- End 18:30:35
(-_-)/ vector classes size list[container size].
Vpici:[287]  Vwipr:[287]  Vpaym:[283]  Vordr:[181]  Vblog:[181]  Vsalp:[467]  Vsupp:[467]  Vpurp:[1010]  Vevnt:[38]

(-_-)/ at [2023/05/08]  eventDaysEnd start 18:30:35-- End 18:30:35
(-_-)/ vector classes size list[container size].
Vpici:[287]  Vwipr:[287]  Vpaym:[283]  Vordr:[181]  Vblog:[181]  Vsalp:[476]  Vsupp:[476]  Vpurp:[1027]  Vevnt:[38]

(-_-)/ at [2023/05/09]  eventDaysEnd start 18:30:35-- End 18:30:35
(-_-)/ vector classes size list[container size].
Vpici:[289]  Vwipr:[289]  Vpaym:[285]  Vordr:[183]  Vblog:[183]  Vsalp:[476]  Vsupp:[476]  Vpurp:[1027]  Vevnt:[38]

(-_-)/ at [2023/05/10]  eventDaysEnd start 18:30:35-- End 18:30:35
(-_-)/ vector classes size list[container size].
Vpici:[291]  Vwipr:[291]  Vpaym:[287]  Vordr:[185]  Vblog:[185]  Vsalp:[476]  Vsupp:[476]  Vpurp:[1027]  Vevnt:[38]

(-_-)/ at [2023/05/11]  eventDaysEnd start 18:30:35-- End 18:30:35
(-_-)/ vector classes size list[container size].
Vpici:[294]  Vwipr:[294]  Vpaym:[287]  Vordr:[188]  Vblog:[188]  Vsalp:[476]  Vsupp:[476]  Vpurp:[1027]  Vevnt:[38]

(-_-)/ at [2023/05/12]  eventDaysEnd start 18:30:35-- End 18:30:35
(-_-)/ vector classes size list[container size].
Vpici:[300]  Vwipr:[300]  Vpaym:[290]  Vordr:[191]  Vblog:[191]  Vsalp:[476]  Vsupp:[476]  Vpurp:[1027]  Vevnt:[38]

(-_-)/ at [2023/05/13]  eventDaysEnd start 18:30:35-- End 18:30:35
(-_-)/ vector classes size list[container size].
Vpici:[303]  Vwipr:[303]  Vpaym:[296]  Vordr:[191]  Vblog:[191]  Vsalp:[476]  Vsupp:[476]  Vpurp:[1027]  Vevnt:[38]

(-_-)/ vector classes size list[container size].
Vcorp:   [7]
Vitem:   [6]
Vbomm:   [3]
Vbbox:   [0]
VboxOFR: [0]
Vcitm:   [24]
Vccit:   [9]
Vmonm:   [0]
Vprod:   [3]
Vtran:   [9]
Vprda:   [0]
Vexcm:   [0]
Vrdem:   [63]
Vforc:   [63]
Vsstk:   [9]
Vpric:   [1]
Vagtm:   [17]

(-_-)/ at [2023/05/14]  Simulation loop start 18:30:35
(-_-)/ vector classes size list[container size].
Vpici:[303]  Vwipr:[303]  Vpaym:[296]  Vordr:[191]  Vblog:[191]  Vsalp:[476]  Vsupp:[476]  Vpurp:[1027]  Vevnt:[38]

(-_-)/ at [2023/05/14]  eventDaysEnd start 18:30:35-- End 18:30:35
(-_-)/ vector classes size list[container size].
Vpici:[303]  Vwipr:[303]  Vpaym:[299]  Vordr:[191]  Vblog:[191]  Vsalp:[476]  Vsupp:[476]  Vpurp:[1027]  Vevnt:[38]

(-_-)/ at [2023/05/15]  eventDaysEnd start 18:30:35-- End 18:30:35
(-_-)/ vector classes size list[container size].
Vpici:[303]  Vwipr:[303]  Vpaym:[299]  Vordr:[191]  Vblog:[191]  Vsalp:[482]  Vsupp:[482]  Vpurp:[1037]  Vevnt:[38]

(-_-)/ at [2023/05/16]  eventDaysEnd start 18:30:35-- End 18:30:35
(-_-)/ vector classes size list[container size].
Vpici:[305]  Vwipr:[305]  Vpaym:[301]  Vordr:[193]  Vblog:[193]  Vsalp:[482]  Vsupp:[482]  Vpurp:[1037]  Vevnt:[38]

(-_-)/ at [2023/05/17]  eventDaysEnd start 18:30:35-- End 18:30:35
(-_-)/ vector classes size list[container size].
Vpici:[307]  Vwipr:[307]  Vpaym:[303]  Vordr:[195]  Vblog:[195]  Vsalp:[482]  Vsupp:[482]  Vpurp:[1037]  Vevnt:[38]

(-_-)/ at [2023/05/18]  eventDaysEnd start 18:30:35-- End 18:30:35
(-_-)/ vector classes size list[container size].
Vpici:[310]  Vwipr:[310]  Vpaym:[303]  Vordr:[198]  Vblog:[198]  Vsalp:[482]  Vsupp:[482]  Vpurp:[1037]  Vevnt:[38]

(-_-)/ at [2023/05/19]  eventDaysEnd start 18:30:35-- End 18:30:35
(-_-)/ vector classes size list[container size].
Vpici:[316]  Vwipr:[316]  Vpaym:[306]  Vordr:[201]  Vblog:[201]  Vsalp:[482]  Vsupp:[482]  Vpurp:[1037]  Vevnt:[38]

(-_-)/ at [2023/05/20]  eventDaysEnd start 18:30:35-- End 18:30:35
(-_-)/ vector classes size list[container size].
Vpici:[319]  Vwipr:[319]  Vpaym:[312]  Vordr:[201]  Vblog:[201]  Vsalp:[482]  Vsupp:[482]  Vpurp:[1037]  Vevnt:[38]

(-_-)/ vector classes size list[container size].
Vcorp:   [7]
Vitem:   [6]
Vbomm:   [3]
Vbbox:   [0]
VboxOFR: [0]
Vcitm:   [24]
Vccit:   [9]
Vmonm:   [0]
Vprod:   [3]
Vtran:   [9]
Vprda:   [0]
Vexcm:   [0]
Vrdem:   [63]
Vforc:   [63]
Vsstk:   [9]
Vpric:   [1]
Vagtm:   [17]

(-_-)/ at [2023/05/21]  Simulation loop start 18:30:35
(-_-)/ vector classes size list[container size].
Vpici:[319]  Vwipr:[319]  Vpaym:[312]  Vordr:[201]  Vblog:[201]  Vsalp:[482]  Vsupp:[482]  Vpurp:[1037]  Vevnt:[38]

(-_-)/ at [2023/05/21]  eventDaysEnd start 18:30:35-- End 18:30:35
(-_-)/ vector classes size list[container size].
Vpici:[319]  Vwipr:[319]  Vpaym:[315]  Vordr:[201]  Vblog:[201]  Vsalp:[482]  Vsupp:[482]  Vpurp:[1037]  Vevnt:[38]

(-_-)/ at [2023/05/22]  eventDaysEnd start 18:30:35-- End 18:30:35
(-_-)/ vector classes size list[container size].
Vpici:[319]  Vwipr:[319]  Vpaym:[315]  Vordr:[201]  Vblog:[201]  Vsalp:[485]  Vsupp:[485]  Vpurp:[1040]  Vevnt:[38]

(-_-)/ at [2023/05/23]  eventDaysEnd start 18:30:35-- End 18:30:35
(-_-)/ vector classes size list[container size].
Vpici:[319]  Vwipr:[319]  Vpaym:[317]  Vordr:[201]  Vblog:[201]  Vsalp:[485]  Vsupp:[485]  Vpurp:[1040]  Vevnt:[38]

(-_-)/ at [2023/05/24]  eventDaysEnd start 18:30:35-- End 18:30:35
(-_-)/ vector classes size list[container size].
Vpici:[319]  Vwipr:[319]  Vpaym:[319]  Vordr:[201]  Vblog:[201]  Vsalp:[485]  Vsupp:[485]  Vpurp:[1040]  Vevnt:[38]

(-_-)/ at [2023/05/25]  eventDaysEnd start 18:30:35-- End 18:30:35
(-_-)/ vector classes size list[container size].
Vpici:[322]  Vwipr:[322]  Vpaym:[319]  Vordr:[204]  Vblog:[204]  Vsalp:[485]  Vsupp:[485]  Vpurp:[1040]  Vevnt:[38]

(-_-)/ at [2023/05/26]  eventDaysEnd start 18:30:35-- End 18:30:35
(-_-)/ vector classes size list[container size].
Vpici:[328]  Vwipr:[328]  Vpaym:[322]  Vordr:[207]  Vblog:[207]  Vsalp:[485]  Vsupp:[485]  Vpurp:[1040]  Vevnt:[38]

(-_-)/ at [2023/05/27]  eventDaysEnd start 18:30:35-- End 18:30:35
(-_-)/ vector classes size list[container size].
Vpici:[331]  Vwipr:[331]  Vpaym:[328]  Vordr:[207]  Vblog:[207]  Vsalp:[485]  Vsupp:[485]  Vpurp:[1040]  Vevnt:[38]

(-_-)/ vector classes size list[container size].
Vcorp:   [7]
Vitem:   [6]
Vbomm:   [3]
Vbbox:   [0]
VboxOFR: [0]
Vcitm:   [24]
Vccit:   [9]
Vmonm:   [0]
Vprod:   [3]
Vtran:   [9]
Vprda:   [0]
Vexcm:   [0]
Vrdem:   [63]
Vforc:   [63]
Vsstk:   [9]
Vpric:   [1]
Vagtm:   [17]

(-_-)/ at [2023/05/28]  Simulation loop start 18:30:35
(-_-)/ vector classes size list[container size].
Vpici:[331]  Vwipr:[331]  Vpaym:[328]  Vordr:[207]  Vblog:[207]  Vsalp:[485]  Vsupp:[485]  Vpurp:[1040]  Vevnt:[38]

(-_-)/ at [2023/05/28]  eventDaysEnd start 18:30:35-- End 18:30:35
(-_-)/ vector classes size list[container size].
Vpici:[331]  Vwipr:[331]  Vpaym:[331]  Vordr:[207]  Vblog:[207]  Vsalp:[485]  Vsupp:[485]  Vpurp:[1040]  Vevnt:[38]

(-_-)/ at [2023/05/29]  eventDaysEnd start 18:30:35-- End 18:30:35
(-_-)/ vector classes size list[container size].
Vpici:[331]  Vwipr:[331]  Vpaym:[331]  Vordr:[207]  Vblog:[207]  Vsalp:[485]  Vsupp:[485]  Vpurp:[1040]  Vevnt:[38]

(-_-)/ at [2023/05/30]  eventDaysEnd start 18:30:35-- End 18:30:35
(-_-)/ vector classes size list[container size].
Vpici:[331]  Vwipr:[331]  Vpaym:[331]  Vordr:[207]  Vblog:[207]  Vsalp:[485]  Vsupp:[485]  Vpurp:[1040]  Vevnt:[38]

(-_-)/ at [2023/05/31]  eventDaysEnd start 18:30:35-- End 18:30:35
(-_-)/ vector classes size list[container size].
Vpici:[331]  Vwipr:[331]  Vpaym:[331]  Vordr:[207]  Vblog:[207]  Vsalp:[485]  Vsupp:[485]  Vpurp:[1040]  Vevnt:[38]

(-_-)/ at [2023/06/01]  eventDaysEnd start 18:30:35-- End 18:30:35
(-_-)/ vector classes size list[container size].
Vpici:[331]  Vwipr:[331]  Vpaym:[331]  Vordr:[207]  Vblog:[207]  Vsalp:[485]  Vsupp:[485]  Vpurp:[1040]  Vevnt:[38]

(-_-)/ at [2023/06/02]  eventDaysEnd start 18:30:35-- End 18:30:35
(-_-)/ vector classes size list[container size].
Vpici:[331]  Vwipr:[331]  Vpaym:[331]  Vordr:[207]  Vblog:[207]  Vsalp:[485]  Vsupp:[485]  Vpurp:[1040]  Vevnt:[38]

(-_-)/ at [2023/06/03]  eventDaysEnd start 18:30:35-- End 18:30:35
(-_-)/ vector classes size list[container size].
Vpici:[331]  Vwipr:[331]  Vpaym:[331]  Vordr:[207]  Vblog:[207]  Vsalp:[485]  Vsupp:[485]  Vpurp:[1040]  Vevnt:[38]

(-_-)/ vector classes size list[container size].
Vcorp:   [7]
Vitem:   [6]
Vbomm:   [3]
Vbbox:   [0]
VboxOFR: [0]
Vcitm:   [24]
Vccit:   [9]
Vmonm:   [0]
Vprod:   [3]
Vtran:   [9]
Vprda:   [0]
Vexcm:   [0]
Vrdem:   [63]
Vforc:   [63]
Vsstk:   [9]
Vpric:   [1]
Vagtm:   [17]

(-_-)/ at [2023/06/04]  Simulation loop start 18:30:35
(-_-)/ vector classes size list[container size].
Vpici:[331]  Vwipr:[331]  Vpaym:[331]  Vordr:[207]  Vblog:[207]  Vsalp:[485]  Vsupp:[485]  Vpurp:[1040]  Vevnt:[38]

(-_-)/ at [2023/06/04]  eventDaysEnd start 18:30:35-- End 18:30:35
(-_-)/ vector classes size list[container size].
Vpici:[331]  Vwipr:[331]  Vpaym:[331]  Vordr:[207]  Vblog:[207]  Vsalp:[485]  Vsupp:[485]  Vpurp:[1040]  Vevnt:[38]

(-_-)/ at [2023/06/05]  eventDaysEnd start 18:30:35-- End 18:30:35
(-_-)/ vector classes size list[container size].
Vpici:[331]  Vwipr:[331]  Vpaym:[331]  Vordr:[207]  Vblog:[207]  Vsalp:[485]  Vsupp:[485]  Vpurp:[1040]  Vevnt:[38]

(-_-)/ at [2023/06/06]  eventDaysEnd start 18:30:35-- End 18:30:35
(-_-)/ vector classes size list[container size].
Vpici:[331]  Vwipr:[331]  Vpaym:[331]  Vordr:[207]  Vblog:[207]  Vsalp:[485]  Vsupp:[485]  Vpurp:[1040]  Vevnt:[38]

(-_-)/ at [2023/06/07]  eventDaysEnd start 18:30:35-- End 18:30:35
(-_-)/ vector classes size list[container size].
Vpici:[331]  Vwipr:[331]  Vpaym:[331]  Vordr:[207]  Vblog:[207]  Vsalp:[485]  Vsupp:[485]  Vpurp:[1040]  Vevnt:[38]

(-_-)/ at [2023/06/08]  eventDaysEnd start 18:30:35-- End 18:30:35
(-_-)/ vector classes size list[container size].
Vpici:[331]  Vwipr:[331]  Vpaym:[331]  Vordr:[207]  Vblog:[207]  Vsalp:[485]  Vsupp:[485]  Vpurp:[1040]  Vevnt:[38]

(-_-)/ at [2023/06/09]  eventDaysEnd start 18:30:35-- End 18:30:35
(-_-)/ vector classes size list[container size].
Vpici:[331]  Vwipr:[331]  Vpaym:[331]  Vordr:[207]  Vblog:[207]  Vsalp:[485]  Vsupp:[485]  Vpurp:[1040]  Vevnt:[38]

(-_-)/ at [2023/06/10]  eventDaysEnd start 18:30:35-- End 18:30:35
(-_-)/ vector classes size list[container size].
Vpici:[331]  Vwipr:[331]  Vpaym:[331]  Vordr:[207]  Vblog:[207]  Vsalp:[485]  Vsupp:[485]  Vpurp:[1040]  Vevnt:[38]

(-_-)/ vector classes size list[container size].
Vcorp:   [7]
Vitem:   [6]
Vbomm:   [3]
Vbbox:   [0]
VboxOFR: [0]
Vcitm:   [24]
Vccit:   [9]
Vmonm:   [0]
Vprod:   [3]
Vtran:   [9]
Vprda:   [0]
Vexcm:   [0]
Vrdem:   [63]
Vforc:   [63]
Vsstk:   [9]
Vpric:   [1]
Vagtm:   [17]

(-_-)/ at [2023/06/11]  Simulation loop start 18:30:35
(-_-)/ vector classes size list[container size].
Vpici:[331]  Vwipr:[331]  Vpaym:[331]  Vordr:[207]  Vblog:[207]  Vsalp:[485]  Vsupp:[485]  Vpurp:[1040]  Vevnt:[38]

(-_-)/ at [2023/06/11]  eventDaysEnd start 18:30:35-- End 18:30:35
(-_-)/ vector classes size list[container size].
Vpici:[331]  Vwipr:[331]  Vpaym:[331]  Vordr:[207]  Vblog:[207]  Vsalp:[485]  Vsupp:[485]  Vpurp:[1040]  Vevnt:[38]

(-_-)/ at [2023/06/12]  eventDaysEnd start 18:30:35-- End 18:30:35
(-_-)/ vector classes size list[container size].
Vpici:[331]  Vwipr:[331]  Vpaym:[331]  Vordr:[207]  Vblog:[207]  Vsalp:[485]  Vsupp:[485]  Vpurp:[1040]  Vevnt:[38]

(-_-)/ at [2023/06/13]  eventDaysEnd start 18:30:35-- End 18:30:35
(-_-)/ vector classes size list[container size].
Vpici:[331]  Vwipr:[331]  Vpaym:[331]  Vordr:[207]  Vblog:[207]  Vsalp:[485]  Vsupp:[485]  Vpurp:[1040]  Vevnt:[38]

(-_-)/ at [2023/06/14]  eventDaysEnd start 18:30:36-- End 18:30:36
(-_-)/ vector classes size list[container size].
Vpici:[331]  Vwipr:[331]  Vpaym:[331]  Vordr:[207]  Vblog:[207]  Vsalp:[485]  Vsupp:[485]  Vpurp:[1040]  Vevnt:[38]

(-_-)/ at [2023/06/15]  eventDaysEnd start 18:30:36-- End 18:30:36
(-_-)/ vector classes size list[container size].
Vpici:[331]  Vwipr:[331]  Vpaym:[331]  Vordr:[207]  Vblog:[207]  Vsalp:[485]  Vsupp:[485]  Vpurp:[1040]  Vevnt:[38]

(-_-)/ at [2023/06/16]  eventDaysEnd start 18:30:36-- End 18:30:36
(-_-)/ vector classes size list[container size].
Vpici:[331]  Vwipr:[331]  Vpaym:[331]  Vordr:[207]  Vblog:[207]  Vsalp:[485]  Vsupp:[485]  Vpurp:[1040]  Vevnt:[38]

(-_-)/ at [2023/06/17]  eventDaysEnd start 18:30:36-- End 18:30:36
(-_-)/ vector classes size list[container size].
Vpici:[331]  Vwipr:[331]  Vpaym:[331]  Vordr:[207]  Vblog:[207]  Vsalp:[485]  Vsupp:[485]  Vpurp:[1040]  Vevnt:[38]

(-_-)/ vector classes size list[container size].
Vcorp:   [7]
Vitem:   [6]
Vbomm:   [3]
Vbbox:   [0]
VboxOFR: [0]
Vcitm:   [24]
Vccit:   [9]
Vmonm:   [0]
Vprod:   [3]
Vtran:   [9]
Vprda:   [0]
Vexcm:   [0]
Vrdem:   [63]
Vforc:   [63]
Vsstk:   [9]
Vpric:   [1]
Vagtm:   [17]

(-_-)/ at [2023/06/18]  Simulation loop start 18:30:36
(-_-)/ vector classes size list[container size].
Vpici:[331]  Vwipr:[331]  Vpaym:[331]  Vordr:[207]  Vblog:[207]  Vsalp:[485]  Vsupp:[485]  Vpurp:[1040]  Vevnt:[38]

(-_-)/ at [2023/06/18]  eventDaysEnd start 18:30:36-- End 18:30:36
(-_-)/ vector classes size list[container size].
Vpici:[331]  Vwipr:[331]  Vpaym:[331]  Vordr:[207]  Vblog:[207]  Vsalp:[485]  Vsupp:[485]  Vpurp:[1040]  Vevnt:[38]

(-_-)/ at [2023/06/19]  eventDaysEnd start 18:30:36-- End 18:30:36
(-_-)/ vector classes size list[container size].
Vpici:[331]  Vwipr:[331]  Vpaym:[331]  Vordr:[207]  Vblog:[207]  Vsalp:[485]  Vsupp:[485]  Vpurp:[1040]  Vevnt:[38]

(-_-)/ at [2023/06/20]  eventDaysEnd start 18:30:36-- End 18:30:36
(-_-)/ vector classes size list[container size].
Vpici:[331]  Vwipr:[331]  Vpaym:[331]  Vordr:[207]  Vblog:[207]  Vsalp:[485]  Vsupp:[485]  Vpurp:[1040]  Vevnt:[38]

(-_-)/ at [2023/06/21]  eventDaysEnd start 18:30:36-- End 18:30:36
(-_-)/ vector classes size list[container size].
Vpici:[331]  Vwipr:[331]  Vpaym:[331]  Vordr:[207]  Vblog:[207]  Vsalp:[485]  Vsupp:[485]  Vpurp:[1040]  Vevnt:[38]

(-_-)/ at [2023/06/22]  eventDaysEnd start 18:30:36-- End 18:30:36
(-_-)/ vector classes size list[container size].
Vpici:[331]  Vwipr:[331]  Vpaym:[331]  Vordr:[207]  Vblog:[207]  Vsalp:[485]  Vsupp:[485]  Vpurp:[1040]  Vevnt:[38]

(-_-)/ at [2023/06/23]  eventDaysEnd start 18:30:36-- End 18:30:36
(-_-)/ vector classes size list[container size].
Vpici:[331]  Vwipr:[331]  Vpaym:[331]  Vordr:[207]  Vblog:[207]  Vsalp:[485]  Vsupp:[485]  Vpurp:[1040]  Vevnt:[38]

(-_-)/ at [2023/06/24]  eventDaysEnd start 18:30:36-- End 18:30:36
(-_-)/ vector classes size list[container size].
Vpici:[331]  Vwipr:[331]  Vpaym:[331]  Vordr:[207]  Vblog:[207]  Vsalp:[485]  Vsupp:[485]  Vpurp:[1040]  Vevnt:[38]

(-_-)/ vector classes size list[container size].
Vcorp:   [7]
Vitem:   [6]
Vbomm:   [3]
Vbbox:   [0]
VboxOFR: [0]
Vcitm:   [24]
Vccit:   [9]
Vmonm:   [0]
Vprod:   [3]
Vtran:   [9]
Vprda:   [0]
Vexcm:   [0]
Vrdem:   [63]
Vforc:   [63]
Vsstk:   [9]
Vpric:   [1]
Vagtm:   [17]

(-_-)/ at [2023/06/25]  Simulation loop start 18:30:36
(-_-)/ vector classes size list[container size].
Vpici:[331]  Vwipr:[331]  Vpaym:[331]  Vordr:[207]  Vblog:[207]  Vsalp:[485]  Vsupp:[485]  Vpurp:[1040]  Vevnt:[38]

(-_-)/ at [2023/06/25]  eventDaysEnd start 18:30:36-- End 18:30:36
(-_-)/ vector classes size list[container size].
Vpici:[331]  Vwipr:[331]  Vpaym:[331]  Vordr:[207]  Vblog:[207]  Vsalp:[485]  Vsupp:[485]  Vpurp:[1040]  Vevnt:[38]

(-_-)/ at [2023/06/26]  eventDaysEnd start 18:30:36-- End 18:30:36
(-_-)/ vector classes size list[container size].
Vpici:[331]  Vwipr:[331]  Vpaym:[331]  Vordr:[207]  Vblog:[207]  Vsalp:[485]  Vsupp:[485]  Vpurp:[1040]  Vevnt:[38]

(-_-)/ at [2023/06/27]  eventDaysEnd start 18:30:36-- End 18:30:36
(-_-)/ vector classes size list[container size].
Vpici:[331]  Vwipr:[331]  Vpaym:[331]  Vordr:[207]  Vblog:[207]  Vsalp:[485]  Vsupp:[485]  Vpurp:[1040]  Vevnt:[38]

(-_-)/ at [2023/06/28]  eventDaysEnd start 18:30:36-- End 18:30:36
(-_-)/ vector classes size list[container size].
Vpici:[331]  Vwipr:[331]  Vpaym:[331]  Vordr:[207]  Vblog:[207]  Vsalp:[485]  Vsupp:[485]  Vpurp:[1040]  Vevnt:[38]

(-_-)/ at [2023/06/29]  eventDaysEnd start 18:30:36-- End 18:30:36
(-_-)/ vector classes size list[container size].
Vpici:[331]  Vwipr:[331]  Vpaym:[331]  Vordr:[207]  Vblog:[207]  Vsalp:[485]  Vsupp:[485]  Vpurp:[1040]  Vevnt:[38]

(-_-)/ at [2023/06/30]  eventDaysEnd start 18:30:36-- End 18:30:36
(-_-)/ vector classes size list[container size].
Vpici:[331]  Vwipr:[331]  Vpaym:[331]  Vordr:[207]  Vblog:[207]  Vsalp:[485]  Vsupp:[485]  Vpurp:[1040]  Vevnt:[38]

